<?xml version="1.0" encoding="UTF-8"?>
<!-- Generated by org.testng.reporters.JUnitReportReporter -->
<testsuite skipped="0" hostname="RaushanLaptop" name="testCases.TC_002_Login" tests="1" failures="0" timestamp="2022-01-01T23:29:42 IST" time="8.137" errors="0">
  <testcase name="test_login" time="8.137" classname="testCases.TC_002_Login"/>
  <system-out/>
</testsuite> <!-- testCases.TC_002_Login -->
