<?xml version="1.0" encoding="UTF-8"?>
<!-- Generated by org.testng.reporters.JUnitReportReporter -->
<testsuite skipped="0" hostname="RaushanLaptop" name="testCases.TC_004_ForgotPassword" tests="1" failures="0" timestamp="2022-01-02T23:54:44 IST" time="8.836" errors="0">
  <testcase name="test_forgot_password" time="8.836" classname="testCases.TC_004_ForgotPassword"/>
  <system-out/>
</testsuite> <!-- testCases.TC_004_ForgotPassword -->
