<?xml version="1.0" encoding="UTF-8"?>
<!-- Generated by org.testng.reporters.JUnitReportReporter -->
<testsuite skipped="0" hostname="RaushanLaptop" name="testCases.TC_001_AccountRegistration" tests="1" failures="0" timestamp="2022-01-02T13:07:04 IST" time="8.461" errors="0">
  <testcase name="test_Account_Registration" time="8.461" classname="testCases.TC_001_AccountRegistration"/>
  <system-out/>
</testsuite> <!-- testCases.TC_001_AccountRegistration -->
